TN:
SF:src\alertCache.js
FN:20,persist
FN:37,buildHash
FN:47,shouldSend
FN:63,pruneOlderThan
FNF:4
FNH:3
FNDA:5,persist
FNDA:0,buildHash
FNDA:3,shouldSend
FNDA:2,pruneOlderThan
DA:1,1
DA:2,1
DA:3,1
DA:4,1
DA:5,1
DA:6,1
DA:7,1
DA:8,1
DA:9,1
DA:10,1
DA:11,0
DA:12,0
DA:13,1
DA:14,1
DA:15,1
DA:16,1
DA:17,0
DA:18,0
DA:19,1
DA:20,5
DA:21,5
DA:22,5
DA:23,5
DA:24,1
DA:25,1
DA:26,1
DA:27,1
DA:28,1
DA:29,4
DA:30,4
DA:31,1
DA:32,1
DA:33,1
DA:34,1
DA:35,1
DA:36,1
DA:37,1
DA:38,0
DA:39,0
DA:40,1
DA:41,1
DA:42,1
DA:43,1
DA:44,1
DA:45,1
DA:46,1
DA:47,1
DA:48,3
DA:49,3
DA:50,3
DA:51,0
DA:52,0
DA:53,3
DA:54,3
DA:55,3
DA:56,3
DA:57,1
DA:58,1
DA:59,1
DA:60,1
DA:61,1
DA:62,1
DA:63,1
DA:64,2
DA:65,2
DA:66,2
DA:67,2
DA:68,2
DA:69,2
DA:70,2
LF:70
LH:62
BRDA:6,0,0,0
BRDA:10,1,0,0
BRDA:16,2,0,0
BRDA:20,3,0,5
BRDA:23,4,0,1
BRDA:28,5,0,4
BRDA:47,6,0,3
BRDA:50,7,0,0
BRDA:49,8,0,1
BRDA:50,9,0,1
BRDA:50,10,0,0
BRDA:50,11,0,0
BRDA:63,12,0,2
BRDA:66,13,0,3
BRF:14
BRH:8
end_of_record
TN:
SF:src\alerts.js
FN:22,resolveModules
FN:36,loadModule
FN:47,normalizeAlerts
FN:74,buildAlerts
FN:119,formatAlertMessage
FNF:5
FNH:5
FNDA:8,resolveModules
FNDA:176,loadModule
FNDA:176,normalizeAlerts
FNDA:8,buildAlerts
FNDA:1,formatAlertMessage
DA:1,1
DA:2,1
DA:3,1
DA:4,1
DA:5,1
DA:6,1
DA:7,1
DA:8,1
DA:9,1
DA:10,1
DA:11,1
DA:12,1
DA:13,1
DA:14,1
DA:15,1
DA:16,1
DA:17,1
DA:18,1
DA:19,1
DA:20,1
DA:21,1
DA:22,8
DA:23,8
DA:24,8
DA:25,0
DA:26,0
DA:27,8
DA:28,8
DA:29,8
DA:30,8
DA:31,8
DA:32,8
DA:33,8
DA:34,8
DA:35,1
DA:36,176
DA:37,176
DA:38,44
DA:39,0
DA:40,0
DA:41,44
DA:42,44
DA:43,44
DA:44,176
DA:45,176
DA:46,1
DA:47,176
DA:48,176
DA:49,0
DA:50,0
DA:51,176
DA:52,176
DA:53,176
DA:54,176
DA:55,33
DA:56,33
DA:57,33
DA:58,33
DA:59,33
DA:60,33
DA:61,0
DA:62,0
DA:63,0
DA:64,0
DA:65,176
DA:66,176
DA:67,176
DA:68,1
DA:69,1
DA:70,1
DA:71,1
DA:72,1
DA:73,1
DA:74,1
DA:75,8
DA:76,8
DA:77,8
DA:78,8
DA:79,8
DA:80,8
DA:81,8
DA:82,8
DA:83,8
DA:84,176
DA:85,176
DA:86,176
DA:87,176
DA:88,0
DA:89,0
DA:90,0
DA:91,176
DA:92,176
DA:93,176
DA:94,0
DA:95,0
DA:96,176
DA:97,8
DA:98,8
DA:99,8
DA:100,8
DA:101,8
DA:102,34
DA:103,34
DA:104,34
DA:105,8
DA:106,8
DA:107,8
DA:108,8
DA:109,1
DA:110,1
DA:111,1
DA:112,1
DA:113,1
DA:114,1
DA:115,1
DA:116,1
DA:117,1
DA:118,1
DA:119,1
DA:120,1
DA:121,1
DA:122,1
DA:123,1
DA:124,0
DA:125,0
DA:126,1
DA:127,1
DA:128,1
DA:129,1
DA:131,1
LF:130
LH:113
BRDA:22,0,0,8
BRDA:24,1,0,0
BRDA:28,2,0,176
BRDA:30,3,0,176
BRDA:36,4,0,176
BRDA:37,5,0,44
BRDA:47,6,0,176
BRDA:48,7,0,0
BRDA:51,8,0,0
BRDA:54,9,0,33
BRDA:58,10,0,0
BRDA:60,11,0,0
BRDA:74,12,0,8
BRDA:83,13,0,176
BRDA:87,14,0,0
BRDA:93,15,0,0
BRDA:101,16,0,34
BRDA:102,17,0,0
BRDA:103,18,0,0
BRDA:119,19,0,1
BRDA:120,20,0,0
BRDA:121,21,0,0
BRDA:123,22,0,0
BRDA:127,23,0,0
BRF:24
BRH:11
end_of_record
TN:
SF:src\assets.js
FNF:0
FNH:0
DA:1,1
DA:2,1
DA:3,1
DA:4,1
DA:5,1
DA:6,1
DA:7,1
DA:8,1
DA:9,1
DA:10,1
DA:11,1
DA:12,1
LF:12
LH:12
BRF:0
BRH:0
end_of_record
TN:
SF:src\indicators.js
FN:7,sma
FN:24,rsi
FN:57,macd
FN:58,ema
FN:80,bollinger
FN:104,keltnerChannel
FN:153,parabolicSAR
FN:206,volumeDivergence
FN:238,vwap
FN:257,ema
FN:275,adx
FN:299,wilderRMA
FN:347,stochastic
FN:376,williamsR
FN:396,cci
FN:417,obv
FN:434,atr14
FN:459,bollWidth
FN:474,isBBSqueeze
FN:490,crossUp
FN:497,crossDown
FN:505,sparkline
FN:523,trendFromMAs
FN:540,scoreHeuristic
FN:554,semaforo
FNF:25
FNH:20
FNDA:2,sma
FNDA:1,rsi
FNDA:1,macd
FNDA:2,ema
FNDA:0,bollinger
FNDA:1,keltnerChannel
FNDA:1,parabolicSAR
FNDA:0,volumeDivergence
FNDA:1,vwap
FNDA:3,ema
FNDA:1,adx
FNDA:4,wilderRMA
FNDA:1,stochastic
FNDA:1,williamsR
FNDA:1,cci
FNDA:1,obv
FNDA:0,atr14
FNDA:2,bollWidth
FNDA:8,isBBSqueeze
FNDA:24,crossUp
FNDA:24,crossDown
FNDA:0,sparkline
FNDA:3,trendFromMAs
FNDA:3,scoreHeuristic
FNDA:0,semaforo
DA:1,1
DA:2,1
DA:3,1
DA:4,1
DA:5,1
DA:6,1
DA:7,1
DA:8,2
DA:9,2
DA:10,2
DA:11,10
DA:12,10
DA:13,10
DA:14,10
DA:15,2
DA:16,2
DA:17,1
DA:18,1
DA:19,1
DA:20,1
DA:21,1
DA:22,1
DA:23,1
DA:24,1
DA:25,1
DA:26,1
DA:27,1
DA:28,20
DA:29,20
DA:30,14
DA:31,14
DA:32,1
DA:33,1
DA:34,1
DA:35,1
DA:36,1
DA:37,20
DA:38,6
DA:39,6
DA:40,6
DA:41,6
DA:42,6
DA:43,6
DA:44,20
DA:45,1
DA:46,1
DA:47,1
DA:48,1
DA:49,1
DA:50,1
DA:51,1
DA:52,1
DA:53,1
DA:54,1
DA:55,1
DA:56,1
DA:57,1
DA:58,1
DA:59,2
DA:60,2
DA:61,2
DA:62,1
DA:63,1
DA:64,1
DA:65,1
DA:66,1
DA:67,1
DA:68,1
DA:69,1
DA:70,1
DA:71,1
DA:72,1
DA:73,1
DA:74,1
DA:75,1
DA:76,1
DA:77,1
DA:78,1
DA:79,1
DA:80,1
DA:81,0
DA:82,0
DA:83,0
DA:84,0
DA:85,0
DA:86,0
DA:87,0
DA:88,0
DA:89,0
DA:90,0
DA:91,0
DA:92,0
DA:93,0
DA:94,1
DA:95,1
DA:96,1
DA:97,1
DA:98,1
DA:99,1
DA:100,1
DA:101,1
DA:102,1
DA:103,1
DA:104,1
DA:105,1
DA:106,1
DA:107,1
DA:108,1
DA:109,1
DA:110,1
DA:111,1
DA:112,1
DA:113,1
DA:114,1
DA:115,5
DA:116,5
DA:117,1
DA:118,1
DA:119,1
DA:120,1
DA:121,5
DA:122,1
DA:123,5
DA:124,4
DA:125,4
DA:126,4
DA:127,4
DA:128,4
DA:129,4
DA:130,5
DA:131,1
DA:132,1
DA:133,1
DA:134,5
DA:135,4
DA:136,4
DA:137,4
DA:138,4
DA:139,4
DA:140,4
DA:141,1
DA:142,1
DA:143,1
DA:144,1
DA:145,1
DA:146,1
DA:147,1
DA:148,1
DA:149,1
DA:150,1
DA:151,1
DA:152,1
DA:153,1
DA:154,1
DA:155,1
DA:156,1
DA:157,1
DA:158,1
DA:159,1
DA:160,1
DA:161,1
DA:162,1
DA:163,1
DA:164,1
DA:165,4
DA:166,4
DA:167,4
DA:168,4
DA:169,4
DA:170,4
DA:171,4
DA:172,4
DA:173,4
DA:174,0
DA:175,0
DA:176,0
DA:177,0
DA:178,0
DA:179,4
DA:180,0
DA:181,0
DA:182,0
DA:183,0
DA:184,0
DA:185,0
DA:186,0
DA:187,0
DA:188,0
DA:189,0
DA:190,0
DA:191,0
DA:192,4
DA:193,4
DA:194,1
DA:195,1
DA:196,1
DA:197,1
DA:198,1
DA:199,1
DA:200,1
DA:201,1
DA:202,1
DA:203,1
DA:204,1
DA:205,1
DA:206,1
DA:207,0
DA:208,0
DA:209,0
DA:210,0
DA:211,0
DA:212,0
DA:213,0
DA:214,0
DA:215,0
DA:216,0
DA:217,0
DA:218,0
DA:219,0
DA:220,0
DA:221,0
DA:222,0
DA:223,0
DA:224,0
DA:225,0
DA:226,0
DA:227,0
DA:228,0
DA:229,1
DA:230,1
DA:231,1
DA:232,1
DA:233,1
DA:234,1
DA:235,1
DA:236,1
DA:237,1
DA:238,1
DA:239,1
DA:240,1
DA:241,1
DA:242,3
DA:243,3
DA:244,3
DA:245,3
DA:246,3
DA:247,3
DA:248,1
DA:249,1
DA:250,1
DA:251,1
DA:252,1
DA:253,1
DA:254,1
DA:255,1
DA:256,1
DA:257,1
DA:258,3
DA:259,3
DA:260,3
DA:261,15
DA:262,12
DA:263,3
DA:264,3
DA:265,3
DA:266,1
DA:267,1
DA:268,1
DA:269,1
DA:270,1
DA:271,1
DA:272,1
DA:273,1
DA:274,1
DA:275,1
DA:276,1
DA:277,1
DA:278,1
DA:279,1
DA:280,1
DA:281,1
DA:282,1
DA:283,1
DA:284,1
DA:285,1
DA:286,1
DA:287,1
DA:288,59
DA:289,59
DA:290,59
DA:291,59
DA:292,59
DA:293,59
DA:294,59
DA:295,59
DA:296,59
DA:297,59
DA:298,1
DA:299,1
DA:300,4
DA:301,4
DA:302,4
DA:303,4
DA:304,1
DA:305,1
DA:306,1
DA:307,1
DA:308,1
DA:309,1
DA:310,4
DA:311,240
DA:312,240
DA:313,240
DA:314,240
DA:315,240
DA:316,4
DA:317,1
DA:318,1
DA:319,1
DA:320,1
DA:321,1
DA:322,1
DA:323,1
DA:324,1
DA:325,60
DA:326,60
DA:327,60
DA:328,60
DA:329,60
DA:330,60
DA:331,60
DA:332,60
DA:333,60
DA:334,1
DA:335,1
DA:336,1
DA:337,1
DA:338,1
DA:339,1
DA:340,1
DA:341,1
DA:342,1
DA:343,1
DA:344,1
DA:345,1
DA:346,1
DA:347,1
DA:348,1
DA:349,1
DA:350,5
DA:351,3
DA:352,3
DA:353,3
DA:354,3
DA:355,5
DA:356,1
DA:357,1
DA:358,5
DA:359,1
DA:360,1
DA:361,1
DA:362,1
DA:363,1
DA:364,5
DA:365,5
DA:366,5
DA:367,1
DA:368,1
DA:369,1
DA:370,1
DA:371,1
DA:372,1
DA:373,1
DA:374,1
DA:375,1
DA:376,1
DA:377,1
DA:378,1
DA:379,5
DA:380,3
DA:381,3
DA:382,3
DA:383,3
DA:384,5
DA:385,1
DA:386,1
DA:387,1
DA:388,1
DA:389,1
DA:390,1
DA:391,1
DA:392,1
DA:393,1
DA:394,1
DA:395,1
DA:396,1
DA:397,1
DA:398,1
DA:399,1
DA:400,1
DA:401,5
DA:402,3
DA:403,3
DA:404,3
DA:405,3
DA:406,3
DA:407,5
DA:408,5
DA:409,5
DA:410,1
DA:411,1
DA:412,1
DA:413,1
DA:414,1
DA:415,1
DA:416,1
DA:417,1
DA:418,1
DA:419,1
DA:420,5
DA:421,5
DA:422,1
DA:423,0
DA:424,5
DA:425,1
DA:426,1
DA:427,1
DA:428,1
DA:429,1
DA:430,1
DA:431,1
DA:432,1
DA:433,1
DA:434,1
DA:435,0
DA:436,0
DA:437,0
DA:438,0
DA:439,0
DA:440,0
DA:441,0
DA:442,0
DA:443,0
DA:444,0
DA:445,0
DA:446,0
DA:447,0
DA:448,0
DA:449,0
DA:450,0
DA:451,1
DA:452,1
DA:453,1
DA:454,1
DA:455,1
DA:456,1
DA:457,1
DA:458,1
DA:459,1
DA:460,2
DA:461,5
DA:462,5
DA:463,3
DA:464,2
DA:465,2
DA:466,1
DA:467,1
DA:468,1
DA:469,1
DA:470,1
DA:471,1
DA:472,1
DA:473,1
DA:474,1
DA:475,8
DA:476,8
DA:477,8
DA:478,0
DA:479,0
DA:480,0
DA:481,8
DA:482,8
DA:483,1
DA:484,1
DA:485,1
DA:486,1
DA:487,1
DA:488,1
DA:489,1
DA:490,1
DA:491,1
DA:492,1
DA:493,1
DA:494,1
DA:495,1
DA:496,1
DA:497,1
DA:498,1
DA:499,1
DA:500,1
DA:501,1
DA:502,1
DA:503,1
DA:504,1
DA:505,1
DA:506,0
DA:507,0
DA:508,0
DA:509,0
DA:510,0
DA:511,0
DA:512,0
DA:513,0
DA:514,0
DA:515,1
DA:516,1
DA:517,1
DA:518,1
DA:519,1
DA:520,1
DA:521,1
DA:522,1
DA:523,1
DA:524,3
DA:525,3
DA:526,3
DA:527,3
DA:528,1
DA:529,1
DA:530,1
DA:531,1
DA:532,1
DA:533,1
DA:534,1
DA:535,1
DA:536,1
DA:537,1
DA:538,1
DA:539,1
DA:540,1
DA:541,3
DA:542,3
DA:543,3
DA:544,3
DA:545,3
DA:546,3
DA:547,3
DA:548,1
DA:549,1
DA:550,1
DA:551,1
DA:552,1
DA:553,1
DA:554,1
DA:555,0
DA:556,0
DA:557,0
DA:558,0
DA:559,1
DA:560,1
DA:561,1
DA:562,1
DA:563,1
DA:564,1
DA:565,1
DA:566,1
DA:567,1
DA:568,1
DA:569,1
DA:570,1
DA:571,1
DA:572,1
DA:573,1
DA:574,1
DA:575,1
DA:576,1
DA:577,1
DA:578,1
DA:579,1
DA:580,1
DA:581,1
DA:582,1
DA:583,1
DA:584,1
DA:585,1
LF:585
LH:500
BRDA:7,0,0,2
BRDA:10,1,0,10
BRDA:12,2,0,4
BRDA:13,3,0,6
BRDA:24,4,0,1
BRDA:27,5,0,20
BRDA:29,6,0,14
BRDA:30,7,0,9
BRDA:30,8,0,5
BRDA:31,9,0,1
BRDA:33,10,0,0
BRDA:37,11,0,6
BRDA:38,12,0,3
BRDA:38,13,0,3
BRDA:38,14,0,3
BRDA:38,15,0,3
BRDA:41,16,0,0
BRDA:57,17,0,1
BRDA:58,18,0,2
BRDA:60,19,0,20
BRDA:60,20,0,18
BRDA:60,21,0,2
BRDA:64,22,0,10
BRDA:65,23,0,1
BRDA:67,24,0,10
BRDA:67,25,0,9
BRDA:67,26,0,1
BRDA:69,27,0,10
BRDA:104,28,0,1
BRDA:105,29,0,0
BRDA:105,30,0,0
BRDA:105,31,0,0
BRDA:111,32,0,0
BRDA:114,33,0,5
BRDA:120,34,0,5
BRDA:121,35,0,1
BRDA:123,36,0,4
BRDA:133,37,0,5
BRDA:134,38,0,1
BRDA:135,39,0,4
BRDA:153,40,0,1
BRDA:155,41,0,0
BRDA:158,42,0,0
BRDA:159,43,0,0
BRDA:164,44,0,4
BRDA:173,45,0,0
BRDA:179,46,0,0
BRDA:238,47,0,1
BRDA:241,48,0,3
BRDA:246,49,0,0
BRDA:257,50,0,3
BRDA:260,51,0,15
BRDA:261,52,0,3
BRDA:262,53,0,12
BRDA:275,54,0,1
BRDA:276,55,0,0
BRDA:276,56,0,0
BRDA:276,57,0,0
BRDA:277,58,0,0
BRDA:287,59,0,59
BRDA:290,60,0,29
BRDA:290,61,0,26
BRDA:290,62,0,33
BRDA:291,63,0,30
BRDA:291,64,0,25
BRDA:291,65,0,34
BRDA:324,66,0,60
BRDA:326,67,0,47
BRDA:326,68,0,13
BRDA:327,69,0,47
BRDA:327,70,0,0
BRDA:328,71,0,0
BRDA:332,72,0,0
BRDA:332,73,0,47
BRDA:299,74,0,4
BRDA:303,75,0,1
BRDA:303,76,0,1
BRDA:305,77,0,14
BRDA:305,78,0,0
BRDA:307,79,0,13
BRDA:310,80,0,240
BRDA:312,81,0,26
BRDA:313,82,0,214
BRDA:313,83,0,4
BRDA:313,84,0,210
BRDA:347,85,0,1
BRDA:349,86,0,5
BRDA:350,87,0,3
BRDA:353,88,0,0
BRDA:357,89,0,5
BRDA:358,90,0,1
BRDA:360,91,0,3
BRDA:361,92,0,3
BRDA:376,93,0,1
BRDA:378,94,0,5
BRDA:379,95,0,3
BRDA:382,96,0,0
BRDA:396,97,0,1
BRDA:400,98,0,5
BRDA:401,99,0,3
BRDA:405,100,0,0
BRDA:397,101,0,5
BRDA:404,102,0,9
BRDA:417,103,0,1
BRDA:419,104,0,5
BRDA:420,105,0,1
BRDA:420,106,0,4
BRDA:421,107,0,3
BRDA:422,108,0,1
BRDA:423,109,0,0
BRDA:459,110,0,2
BRDA:460,111,0,5
BRDA:462,112,0,4
BRDA:462,113,0,4
BRDA:462,114,0,4
BRDA:462,115,0,2
BRDA:463,116,0,3
BRDA:474,117,0,8
BRDA:478,118,0,0
BRDA:476,119,0,12
BRDA:490,120,0,24
BRDA:490,121,0,3
BRDA:497,122,0,24
BRDA:497,123,0,0
BRDA:523,124,0,3
BRDA:525,125,0,0
BRDA:526,126,0,1
BRDA:526,127,0,1
BRDA:527,128,0,2
BRDA:527,129,0,1
BRDA:540,130,0,3
BRDA:542,131,0,0
BRDA:543,132,0,0
BRDA:544,133,0,0
BRDA:545,134,0,1
BRDA:545,135,0,2
BRDA:545,136,0,1
BRF:137
BRH:107
end_of_record
TN:
SF:src\metrics.js
FNF:0
FNH:0
DA:1,1
DA:2,1
DA:3,1
DA:4,1
DA:5,1
DA:6,1
DA:7,1
DA:8,1
DA:9,1
DA:10,1
DA:11,1
DA:12,1
DA:13,1
DA:14,1
DA:15,1
DA:16,1
DA:17,1
DA:18,1
DA:19,1
DA:20,1
DA:21,1
DA:22,1
DA:23,1
DA:24,1
DA:25,1
DA:26,1
DA:27,1
DA:28,1
DA:29,1
DA:30,1
LF:30
LH:30
BRF:0
BRH:0
end_of_record
TN:
SF:src\reporter.js
FN:6,getBrowser
FN:12,shutdown
FN:25,escapeHtml
FN:34,summaryToHtml
FN:66,buildSummaryPdf
FN:90,pct
FN:97,num
FN:103,fmt
FN:123,buildSnapshotForReport
FN:132,getReturn
FN:193,buildSummary
FN:196,dirEmoji
FN:207,pctOf
FN:211,numOf
FN:215,rawOf
FN:219,adxOf
FN:225,keltnerStateOf
FN:231,trendOf
FNF:18
FNH:17
FNDA:2,getBrowser
FNDA:0,shutdown
FNDA:6,escapeHtml
FNDA:2,summaryToHtml
FNDA:3,buildSummaryPdf
FNDA:16,pct
FNDA:18,num
FNDA:2,fmt
FNDA:3,buildSnapshotForReport
FNDA:9,getReturn
FNDA:3,buildSummary
FNDA:33,dirEmoji
FNDA:24,pctOf
FNDA:18,numOf
FNDA:45,rawOf
FNDA:15,adxOf
FNDA:15,keltnerStateOf
FNDA:15,trendOf
DA:1,1
DA:2,1
DA:3,1
DA:4,1
DA:5,1
DA:6,2
DA:7,2
DA:8,1
DA:9,1
DA:10,1
DA:11,1
DA:12,1
DA:13,0
DA:14,0
DA:15,0
DA:16,0
DA:17,0
DA:18,0
DA:19,1
DA:20,1
DA:21,1
DA:22,2
DA:23,2
DA:24,1
DA:25,6
DA:26,6
DA:27,6
DA:28,6
DA:29,6
DA:30,6
DA:31,6
DA:32,6
DA:33,1
DA:34,2
DA:35,2
DA:36,2
DA:37,2
DA:38,2
DA:39,2
DA:40,2
DA:41,2
DA:42,2
DA:43,2
DA:44,2
DA:45,2
DA:46,2
DA:47,2
DA:48,2
DA:49,2
DA:50,2
DA:51,2
DA:52,2
DA:53,2
DA:54,2
DA:55,2
DA:56,2
DA:57,1
DA:58,1
DA:59,1
DA:60,1
DA:61,1
DA:62,1
DA:63,1
DA:64,1
DA:65,1
DA:66,1
DA:67,3
DA:68,1
DA:69,1
DA:70,2
DA:71,2
DA:72,2
DA:73,2
DA:74,2
DA:75,2
DA:76,2
DA:77,2
DA:78,2
DA:79,2
DA:80,2
DA:81,2
DA:82,2
DA:83,3
DA:84,1
DA:85,1
DA:86,1
DA:87,1
DA:88,1
DA:89,1
DA:90,1
DA:91,1
DA:92,1
DA:93,1
DA:94,1
DA:95,1
DA:96,1
DA:97,1
DA:98,1
DA:99,1
DA:100,1
DA:101,1
DA:102,1
DA:103,1
DA:104,1
DA:105,1
DA:106,1
DA:107,1
DA:108,1
DA:109,1
DA:110,1
DA:111,1
DA:112,1
DA:113,1
DA:114,1
DA:115,1
DA:116,1
DA:117,1
DA:118,1
DA:119,1
DA:120,1
DA:121,1
DA:122,1
DA:123,1
DA:124,3
DA:125,3
DA:126,3
DA:127,3
DA:128,3
DA:129,3
DA:130,3
DA:131,3
DA:132,3
DA:133,9
DA:134,9
DA:135,9
DA:136,21
DA:137,21
DA:138,21
DA:139,3
DA:140,3
DA:141,3
DA:142,3
DA:143,3
DA:144,3
DA:145,3
DA:146,3
DA:147,3
DA:148,3
DA:149,3
DA:150,3
DA:151,3
DA:152,3
DA:153,3
DA:154,3
DA:155,3
DA:156,3
DA:157,3
DA:158,3
DA:159,3
DA:160,0
DA:161,0
DA:162,0
DA:163,0
DA:164,0
DA:165,0
DA:166,3
DA:167,3
DA:168,3
DA:169,3
DA:170,3
DA:171,3
DA:172,3
DA:173,3
DA:174,3
DA:175,3
DA:176,3
DA:177,3
DA:178,3
DA:179,3
DA:180,3
DA:181,3
DA:182,3
DA:183,3
DA:184,3
DA:185,1
DA:186,1
DA:187,1
DA:188,1
DA:189,1
DA:190,1
DA:191,1
DA:192,1
DA:193,1
DA:194,3
DA:195,3
DA:196,3
DA:197,33
DA:198,33
DA:199,3
DA:200,3
DA:201,1
DA:202,0
DA:203,0
DA:204,33
DA:205,3
DA:206,3
DA:207,3
DA:208,24
DA:209,24
DA:210,3
DA:211,3
DA:212,18
DA:213,18
DA:214,3
DA:215,3
DA:216,45
DA:217,45
DA:218,3
DA:219,3
DA:220,15
DA:221,15
DA:222,15
DA:223,15
DA:224,3
DA:225,3
DA:226,15
DA:227,15
DA:228,15
DA:229,15
DA:230,3
DA:231,3
DA:232,15
DA:233,15
DA:234,8
DA:235,15
DA:236,15
DA:237,15
DA:238,3
DA:239,3
DA:240,3
DA:241,3
DA:242,3
DA:243,3
DA:244,3
DA:245,3
DA:246,3
DA:247,3
DA:248,3
DA:249,3
DA:250,3
DA:251,3
DA:252,3
DA:253,3
DA:254,3
DA:255,3
DA:256,3
DA:257,3
DA:258,3
DA:259,3
DA:260,3
DA:261,3
DA:262,3
DA:263,3
LF:263
LH:249
BRDA:6,0,0,2
BRDA:7,1,0,1
BRDA:25,2,0,6
BRDA:34,3,0,2
BRDA:36,4,0,1
BRDA:37,5,0,1
BRDA:38,6,0,1
BRDA:39,7,0,0
BRDA:66,8,0,3
BRDA:67,9,0,1
BRDA:69,10,0,2
BRDA:90,11,0,16
BRDA:90,12,0,1
BRDA:90,13,0,15
BRDA:97,14,0,18
BRDA:97,15,0,1
BRDA:97,16,0,17
BRDA:103,17,0,2
BRDA:103,18,0,1
BRDA:103,19,0,1
BRDA:123,20,0,3
BRDA:128,21,0,0
BRDA:153,22,0,0
BRDA:154,23,0,0
BRDA:155,24,0,0
BRDA:156,25,0,0
BRDA:157,26,0,0
BRDA:159,27,0,0
BRDA:159,28,0,0
BRDA:168,29,0,0
BRDA:173,30,0,1
BRDA:173,31,0,1
BRDA:173,32,0,2
BRDA:173,33,0,1
BRDA:173,34,0,1
BRDA:173,35,0,1
BRDA:125,36,0,7
BRDA:132,37,0,9
BRDA:133,38,0,0
BRDA:135,39,0,21
BRDA:137,40,0,6
BRDA:138,41,0,3
BRDA:193,42,0,3
BRDA:196,43,0,33
BRDA:197,44,0,0
BRDA:198,45,0,3
BRDA:200,46,0,2
BRDA:201,47,0,1
BRDA:202,48,0,0
BRDA:203,49,0,30
BRDA:204,50,0,18
BRDA:204,51,0,12
BRDA:204,52,0,8
BRDA:204,53,0,4
BRDA:207,54,0,24
BRDA:208,55,0,17
BRDA:209,56,0,10
BRDA:209,57,0,14
BRDA:211,58,0,18
BRDA:212,59,0,11
BRDA:213,60,0,7
BRDA:213,61,0,11
BRDA:215,62,0,45
BRDA:216,63,0,24
BRDA:217,64,0,21
BRDA:217,65,0,24
BRDA:219,66,0,15
BRDA:220,67,0,8
BRDA:221,68,0,10
BRDA:222,69,0,5
BRDA:222,70,0,2
BRDA:222,71,0,3
BRDA:222,72,0,1
BRDA:222,73,0,2
BRDA:225,74,0,15
BRDA:226,75,0,8
BRDA:227,76,0,10
BRDA:228,77,0,5
BRDA:228,78,0,2
BRDA:228,79,0,3
BRDA:228,80,0,1
BRDA:228,81,0,2
BRDA:231,82,0,15
BRDA:232,83,0,8
BRDA:233,84,0,7
BRDA:234,85,0,8
BRDA:235,86,0,3
BRDA:236,87,0,5
BRDA:236,88,0,1
BRDA:236,89,0,4
BRDA:236,90,0,2
BRDA:236,91,0,2
BRF:92
BRH:79
end_of_record
TN:
SF:src\runner.js
FN:17,runAssetsSafely
FNF:1
FNH:1
FNDA:2,runAssetsSafely
DA:1,1
DA:2,1
DA:3,1
DA:4,1
DA:5,1
DA:6,1
DA:7,1
DA:8,1
DA:9,1
DA:10,1
DA:11,1
DA:12,1
DA:13,1
DA:14,1
DA:15,1
DA:16,1
DA:17,1
DA:18,2
DA:19,2
DA:20,2
DA:21,2
DA:22,2
DA:23,3
DA:24,1
DA:25,1
DA:26,1
DA:27,1
DA:28,1
DA:29,2
DA:30,2
DA:31,2
DA:32,2
LF:32
LH:32
BRDA:17,0,0,2
BRDA:19,1,0,3
BRDA:19,2,0,3
BRDA:22,3,0,3
BRDA:23,4,0,1
BRF:5
BRH:5
end_of_record
TN:
SF:src\sentiment.js
FN:34,tokenize
FN:46,extractFeatures
FN:100,buildFeatureTensor
FN:113,scoreFromFeatures
FN:128,classifySentimentsLocal
FN:145,normalizeSentiment
FN:200,clampSentiment
FNF:7
FNH:7
FNDA:2,tokenize
FNDA:2,extractFeatures
FNDA:2,buildFeatureTensor
FNDA:2,scoreFromFeatures
FNDA:5,classifySentimentsLocal
FNDA:10,normalizeSentiment
FNDA:9,clampSentiment
DA:1,1
DA:2,1
DA:3,1
DA:4,1
DA:5,1
DA:6,1
DA:7,1
DA:8,1
DA:9,1
DA:10,1
DA:11,1
DA:12,1
DA:13,1
DA:14,1
DA:15,1
DA:16,1
DA:17,1
DA:18,1
DA:19,1
DA:20,1
DA:21,1
DA:22,1
DA:23,1
DA:24,1
DA:25,1
DA:26,1
DA:27,1
DA:28,1
DA:29,1
DA:30,1
DA:31,1
DA:32,1
DA:33,1
DA:34,2
DA:35,2
DA:36,0
DA:37,0
DA:38,2
DA:39,2
DA:40,2
DA:41,2
DA:42,2
DA:43,2
DA:44,2
DA:45,1
DA:46,2
DA:47,2
DA:48,2
DA:49,0
DA:50,0
DA:51,2
DA:52,2
DA:53,2
DA:54,2
DA:55,2
DA:56,2
DA:57,2
DA:58,11
DA:59,11
DA:60,11
DA:61,11
DA:62,0
DA:63,0
DA:64,0
DA:65,11
DA:66,11
DA:67,11
DA:68,0
DA:69,0
DA:70,11
DA:71,11
DA:72,2
DA:73,2
DA:74,2
DA:75,2
DA:76,0
DA:77,0
DA:78,2
DA:79,11
DA:80,2
DA:81,2
DA:82,0
DA:83,2
DA:84,2
DA:85,2
DA:86,2
DA:87,9
DA:88,0
DA:89,0
DA:90,11
DA:91,2
DA:92,2
DA:93,2
DA:94,2
DA:95,2
DA:96,2
DA:97,2
DA:98,2
DA:99,1
DA:100,2
DA:101,2
DA:102,2
DA:103,2
DA:104,2
DA:105,2
DA:106,2
DA:107,2
DA:108,2
DA:109,1
DA:110,1
DA:111,1
DA:112,1
DA:113,2
DA:114,2
DA:115,2
DA:116,2
DA:117,2
DA:118,2
DA:119,2
DA:120,2
DA:121,2
DA:122,1
DA:123,1
DA:124,1
DA:125,1
DA:126,1
DA:127,1
DA:128,1
DA:129,5
DA:130,3
DA:131,3
DA:132,2
DA:133,2
DA:134,2
DA:135,2
DA:136,2
DA:137,2
DA:138,2
DA:139,1
DA:140,1
DA:141,1
DA:142,1
DA:143,1
DA:144,1
DA:145,1
DA:146,10
DA:147,1
DA:148,1
DA:149,10
DA:150,1
DA:151,1
DA:152,1
DA:153,1
DA:154,1
DA:155,10
DA:156,1
DA:157,1
DA:158,10
DA:159,7
DA:160,2
DA:161,2
DA:162,1
DA:163,1
DA:164,0
DA:165,0
DA:166,1
DA:167,1
DA:168,1
DA:169,0
DA:170,0
DA:171,0
DA:172,1
DA:173,1
DA:174,1
DA:175,5
DA:176,7
DA:177,4
DA:178,4
DA:179,4
DA:180,4
DA:181,4
DA:182,4
DA:183,4
DA:184,1
DA:185,1
DA:186,3
DA:187,3
DA:188,3
DA:189,3
DA:190,4
DA:191,7
DA:192,1
DA:193,1
DA:194,1
DA:195,1
DA:196,1
DA:197,1
DA:198,1
DA:199,1
DA:200,1
DA:201,9
DA:202,9
LF:202
LH:183
BRDA:34,0,0,2
BRDA:35,1,0,0
BRDA:43,2,0,0
BRDA:46,3,0,2
BRDA:48,4,0,0
BRDA:57,5,0,11
BRDA:61,6,0,0
BRDA:67,7,0,9
BRDA:67,8,0,0
BRDA:71,9,0,2
BRDA:72,10,0,0
BRDA:75,11,0,0
BRDA:79,12,0,9
BRDA:79,13,0,2
BRDA:80,14,0,0
BRDA:81,15,0,0
BRDA:87,16,0,7
BRDA:87,17,0,0
BRDA:93,18,0,0
BRDA:100,19,0,2
BRDA:101,20,0,0
BRDA:113,21,0,2
BRDA:114,22,0,2
BRDA:119,23,0,0
BRDA:128,24,0,5
BRDA:129,25,0,4
BRDA:129,26,0,3
BRDA:131,27,0,2
BRDA:132,28,0,2
BRDA:136,29,0,0
BRDA:145,30,0,10
BRDA:146,31,0,1
BRDA:146,32,0,1
BRDA:148,33,0,9
BRDA:149,34,0,1
BRDA:154,35,0,8
BRDA:155,36,0,1
BRDA:155,37,0,1
BRDA:157,38,0,7
BRDA:158,39,0,7
BRDA:159,40,0,2
BRDA:161,41,0,1
BRDA:163,42,0,0
BRDA:168,43,0,0
BRDA:174,44,0,5
BRDA:176,45,0,4
BRDA:177,46,0,1
BRDA:177,47,0,1
BRDA:177,48,0,0
BRDA:178,49,0,1
BRDA:178,50,0,1
BRDA:178,51,0,0
BRDA:179,52,0,2
BRDA:179,53,0,2
BRDA:181,54,0,0
BRDA:182,55,0,0
BRDA:183,56,0,1
BRDA:183,57,0,1
BRDA:183,58,0,1
BRDA:185,59,0,3
BRDA:191,60,0,1
BRDA:180,61,0,4
BRDA:200,62,0,9
BRDA:201,63,0,8
BRDA:201,64,0,1
BRF:65
BRH:45
end_of_record
TN:
SF:src\settings.js
FN:12,mergeDefaults
FN:19,persist
FN:37,loadSettings
FN:63,getSettings
FN:76,getSetting
FN:89,setSetting
FN:106,resetSettings
FNF:7
FNH:7
FNDA:10,mergeDefaults
FNDA:3,persist
FNDA:10,loadSettings
FNDA:1,getSettings
FNDA:8,getSetting
FNDA:3,setSetting
FNDA:1,resetSettings
DA:1,1
DA:2,1
DA:3,1
DA:4,1
DA:5,1
DA:6,1
DA:7,1
DA:8,1
DA:9,1
DA:10,1
DA:11,1
DA:12,10
DA:13,10
DA:14,0
DA:15,0
DA:16,10
DA:17,10
DA:18,1
DA:19,3
DA:20,3
DA:21,3
DA:22,3
DA:23,3
DA:24,1
DA:25,1
DA:26,1
DA:27,1
DA:28,1
DA:29,2
DA:30,2
DA:31,1
DA:32,1
DA:33,1
DA:34,1
DA:35,1
DA:36,1
DA:37,1
DA:38,10
DA:39,10
DA:40,10
DA:41,10
DA:42,8
DA:43,8
DA:44,8
DA:45,8
DA:46,8
DA:47,10
DA:48,2
DA:49,2
DA:50,10
DA:51,0
DA:52,0
DA:53,10
DA:54,10
DA:55,10
DA:56,10
DA:57,10
DA:58,1
DA:59,1
DA:60,1
DA:61,1
DA:62,1
DA:63,1
DA:64,1
DA:65,0
DA:66,0
DA:67,1
DA:68,1
DA:69,1
DA:70,1
DA:71,1
DA:72,1
DA:73,1
DA:74,1
DA:75,1
DA:76,1
DA:77,8
DA:78,0
DA:79,0
DA:80,8
DA:81,8
DA:82,1
DA:83,1
DA:84,1
DA:85,1
DA:86,1
DA:87,1
DA:88,1
DA:89,1
DA:90,3
DA:91,0
DA:92,0
DA:93,3
DA:94,1
DA:95,3
DA:96,2
DA:97,2
DA:98,3
DA:99,3
DA:100,3
DA:101,1
DA:102,1
DA:103,1
DA:104,1
DA:105,1
DA:106,1
DA:107,1
DA:108,1
DA:109,1
DA:110,1
DA:111,1
DA:112,1
LF:112
LH:102
BRDA:6,0,0,3
BRDA:7,1,0,7
BRDA:12,2,0,10
BRDA:13,3,0,0
BRDA:19,4,0,3
BRDA:23,5,0,1
BRDA:28,6,0,2
BRDA:37,7,0,10
BRDA:41,8,0,8
BRDA:43,9,0,0
BRDA:47,10,0,2
BRDA:50,11,0,0
BRDA:63,12,0,1
BRDA:64,13,0,0
BRDA:76,14,0,8
BRDA:77,15,0,0
BRDA:80,16,0,0
BRDA:89,17,0,3
BRDA:90,18,0,0
BRDA:93,19,0,1
BRDA:95,20,0,2
BRDA:106,21,0,1
BRF:22
BRH:15
end_of_record
TN:
SF:src\store.js
FN:10,createDefaultStore
FN:17,normalizeStore
FN:56,ensureScope
FN:69,getSignature
FN:79,updateSignature
FN:89,getAlertHash
FN:100,updateAlertHash
FN:118,resetAlertHashes
FN:130,saveStore
FNF:9
FNH:9
FNDA:6,createDefaultStore
FNDA:2,normalizeStore
FNDA:3,ensureScope
FNDA:3,getSignature
FNDA:1,updateSignature
FNDA:7,getAlertHash
FNDA:3,updateAlertHash
FNDA:2,resetAlertHashes
FNDA:1,saveStore
DA:1,1
DA:2,1
DA:3,1
DA:4,1
DA:5,1
DA:6,1
DA:7,1
DA:8,1
DA:9,1
DA:10,6
DA:11,6
DA:12,6
DA:13,6
DA:14,6
DA:15,6
DA:16,1
DA:17,2
DA:18,2
DA:19,2
DA:20,0
DA:21,0
DA:22,2
DA:23,2
DA:24,1
DA:25,1
DA:26,1
DA:27,1
DA:28,1
DA:29,1
DA:30,1
DA:31,2
DA:32,2
DA:33,1
DA:34,1
DA:35,1
DA:36,1
DA:37,1
DA:38,1
DA:39,2
DA:40,2
DA:41,2
DA:42,1
DA:43,1
DA:44,1
DA:45,1
DA:46,2
DA:47,2
DA:48,2
DA:49,2
DA:50,2
DA:51,2
DA:52,1
DA:53,0
DA:54,0
DA:55,1
DA:56,3
DA:57,3
DA:58,3
DA:59,3
DA:60,3
DA:61,3
DA:62,3
DA:63,1
DA:64,1
DA:65,1
DA:66,1
DA:67,1
DA:68,1
DA:69,1
DA:70,3
DA:71,3
DA:72,1
DA:73,1
DA:74,1
DA:75,1
DA:76,1
DA:77,1
DA:78,1
DA:79,1
DA:80,1
DA:81,1
DA:82,1
DA:83,1
DA:84,1
DA:85,1
DA:86,1
DA:87,1
DA:88,1
DA:89,1
DA:90,7
DA:91,7
DA:92,1
DA:93,1
DA:94,1
DA:95,1
DA:96,1
DA:97,1
DA:98,1
DA:99,1
DA:100,1
DA:101,3
DA:102,3
DA:103,3
DA:104,0
DA:105,0
DA:106,0
DA:107,0
DA:108,0
DA:109,0
DA:110,3
DA:111,3
DA:112,1
DA:113,1
DA:114,1
DA:115,1
DA:116,1
DA:117,1
DA:118,1
DA:119,2
DA:120,1
DA:121,1
DA:122,1
DA:123,1
DA:124,2
DA:125,1
DA:126,1
DA:127,1
DA:128,1
DA:129,1
DA:130,1
DA:131,1
DA:132,1
DA:133,1
LF:133
LH:123
BRDA:7,0,0,0
BRDA:45,1,0,2
BRDA:47,2,0,0
BRDA:52,3,0,0
BRDA:10,4,0,6
BRDA:17,5,0,2
BRDA:19,6,0,0
BRDA:23,7,0,1
BRDA:23,8,0,1
BRDA:23,9,0,1
BRDA:27,10,0,0
BRDA:32,11,0,1
BRDA:32,12,0,1
BRDA:32,13,0,1
BRDA:56,14,0,3
BRDA:57,15,0,0
BRDA:58,16,0,0
BRDA:69,17,0,3
BRDA:79,18,0,1
BRDA:89,19,0,7
BRDA:90,20,0,4
BRDA:100,21,0,3
BRDA:102,22,0,0
BRDA:103,23,0,0
BRDA:118,24,0,2
BRDA:119,25,0,1
BRDA:130,26,0,1
BRF:27
BRH:18
end_of_record
TN:
SF:src\utils.js
FN:13,fetchWithRetry
FN:47,roundThreshold
FNF:2
FNH:2
FNDA:3,fetchWithRetry
FNDA:8,roundThreshold
DA:1,1
DA:2,1
DA:3,1
DA:4,1
DA:5,1
DA:6,1
DA:7,1
DA:8,1
DA:9,1
DA:10,1
DA:11,1
DA:12,1
DA:13,1
DA:14,3
DA:15,3
DA:16,3
DA:17,3
DA:18,3
DA:19,3
DA:20,7
DA:21,7
DA:22,2
DA:23,2
DA:24,7
DA:25,5
DA:26,5
DA:27,5
DA:28,5
DA:29,5
DA:30,1
DA:31,1
DA:32,1
DA:33,1
DA:34,4
DA:35,4
DA:36,5
DA:37,5
DA:38,4
DA:39,7
DA:40,3
DA:41,1
DA:42,1
DA:43,1
DA:44,1
DA:45,1
DA:46,1
DA:47,1
DA:48,8
DA:49,8
DA:50,8
DA:51,4
DA:52,1
DA:53,1
LF:53
LH:53
BRDA:13,0,0,3
BRDA:17,1,0,0
BRDA:19,2,0,7
BRDA:22,3,0,2
BRDA:24,4,0,5
BRDA:26,5,0,0
BRDA:29,6,0,4
BRDA:29,7,0,1
BRDA:30,8,0,0
BRDA:33,9,0,4
BRDA:36,10,0,0
BRDA:38,11,0,4
BRDA:37,12,0,4
BRDA:47,13,0,8
BRDA:48,14,0,0
BRDA:49,15,0,1
BRDA:50,16,0,7
BRDA:50,17,0,5
BRDA:51,18,0,4
BRDA:51,19,0,2
BRDA:51,20,0,1
BRF:21
BRH:16
end_of_record
TN:
SF:src\watchlist.js
FN:9,sanitizeAssets
FN:52,persist
FN:73,ensureUser
FN:84,getWatchlist
FN:101,addAssetToWatch
FN:119,removeAssetFromWatch
FNF:6
FNH:6
FNDA:2,sanitizeAssets
FNDA:5,persist
FNDA:3,ensureUser
FNDA:7,getWatchlist
FNDA:3,addAssetToWatch
FNDA:3,removeAssetFromWatch
DA:1,1
DA:2,1
DA:3,1
DA:4,1
DA:5,1
DA:6,1
DA:7,1
DA:8,1
DA:9,2
DA:10,2
DA:11,2
DA:12,2
DA:13,2
DA:14,3
DA:15,3
DA:16,3
DA:17,3
DA:18,3
DA:19,2
DA:20,2
DA:21,1
DA:22,1
DA:23,1
DA:24,1
DA:25,1
DA:26,2
DA:27,2
DA:28,2
DA:29,1
DA:30,1
DA:31,1
DA:32,1
DA:33,1
DA:34,1
DA:35,1
DA:36,1
DA:37,1
DA:38,1
DA:39,1
DA:40,1
DA:41,1
DA:42,1
DA:43,1
DA:44,1
DA:45,1
DA:46,3
DA:47,3
DA:48,1
DA:49,0
DA:50,0
DA:51,1
DA:52,5
DA:53,5
DA:54,5
DA:55,5
DA:56,5
DA:57,2
DA:58,2
DA:59,2
DA:60,2
DA:61,2
DA:62,3
DA:63,3
DA:64,1
DA:65,1
DA:66,1
DA:67,1
DA:68,1
DA:69,0
DA:70,0
DA:71,1
DA:72,1
DA:73,3
DA:74,3
DA:75,2
DA:76,2
DA:77,3
DA:78,1
DA:79,1
DA:80,1
DA:81,1
DA:82,1
DA:83,1
DA:84,1
DA:85,7
DA:86,6
DA:87,6
DA:88,1
DA:89,1
DA:90,1
DA:91,1
DA:92,1
DA:93,1
DA:94,1
DA:95,1
DA:96,1
DA:97,1
DA:98,1
DA:99,1
DA:100,1
DA:101,1
DA:102,3
DA:103,3
DA:104,3
DA:105,3
DA:106,2
DA:107,2
DA:108,2
DA:109,2
DA:110,1
DA:111,1
DA:112,1
DA:113,1
DA:114,1
DA:115,1
DA:116,1
DA:117,1
DA:118,1
DA:119,1
DA:120,3
DA:121,2
DA:122,2
DA:123,2
DA:124,2
DA:125,2
DA:126,2
DA:127,2
DA:128,2
DA:129,2
DA:130,2
DA:131,0
DA:132,0
LF:132
LH:126
BRDA:7,0,0,0
BRDA:25,1,0,2
BRDA:27,2,0,0
BRDA:28,3,0,1
BRDA:45,4,0,3
BRDA:48,5,0,0
BRDA:65,6,0,1
BRDA:68,7,0,0
BRDA:9,8,0,2
BRDA:10,9,0,0
BRDA:13,10,0,3
BRDA:14,11,0,0
BRDA:15,12,0,0
BRDA:52,13,0,5
BRDA:56,14,0,2
BRDA:61,15,0,3
BRDA:55,16,0,3
BRDA:73,17,0,3
BRDA:74,18,0,2
BRDA:84,19,0,7
BRDA:85,20,0,6
BRDA:86,21,0,3
BRDA:86,22,0,3
BRDA:87,23,0,1
BRDA:90,24,0,2
BRDA:101,25,0,3
BRDA:102,26,0,0
BRDA:105,27,0,2
BRDA:109,28,0,1
BRDA:119,29,0,3
BRDA:120,30,0,1
BRDA:121,31,0,2
BRDA:130,32,0,0
BRF:33
BRH:24
end_of_record
TN:
SF:src\alerts\adxAlert.js
FN:3,adxAlert
FNF:1
FNH:1
FNDA:8,adxAlert
DA:1,1
DA:2,1
DA:3,1
DA:4,8
DA:5,8
DA:6,8
DA:7,8
DA:8,1
DA:9,1
DA:10,8
DA:11,8
LF:11
LH:11
BRDA:3,0,0,8
BRDA:5,1,0,5
BRDA:6,2,0,0
BRDA:7,3,0,5
BRDA:7,4,0,5
BRDA:7,5,0,1
BRF:6
BRH:5
end_of_record
TN:
SF:src\alerts\atrAlert.js
FN:3,atrAlert
FNF:1
FNH:1
FNDA:8,atrAlert
DA:1,1
DA:2,1
DA:3,1
DA:4,8
DA:5,8
DA:6,8
DA:7,8
DA:8,8
DA:9,8
DA:10,0
DA:11,0
DA:12,8
DA:13,8
DA:14,8
LF:14
LH:12
BRDA:3,0,0,8
BRDA:5,1,0,4
BRDA:6,2,0,4
BRDA:7,3,0,0
BRDA:9,4,0,4
BRDA:9,5,0,4
BRDA:9,6,0,4
BRDA:9,7,0,0
BRF:8
BRH:6
end_of_record
TN:
SF:src\alerts\bollingerAlert.js
FN:4,bollingerAlert
FNF:1
FNH:1
FNDA:8,bollingerAlert
DA:1,1
DA:2,1
DA:3,1
DA:4,1
DA:5,8
DA:6,8
DA:7,8
DA:8,8
DA:9,8
DA:10,8
DA:11,8
DA:12,8
DA:13,0
DA:14,0
DA:15,8
DA:16,0
DA:17,0
DA:18,8
DA:19,0
DA:20,0
DA:21,8
DA:22,1
DA:23,1
DA:24,8
DA:25,1
DA:26,1
DA:27,8
DA:28,8
DA:29,8
LF:29
LH:23
BRDA:4,0,0,8
BRDA:7,1,0,4
BRDA:8,2,0,4
BRDA:12,3,0,0
BRDA:15,4,0,4
BRDA:15,5,0,0
BRDA:18,6,0,4
BRDA:18,7,0,0
BRDA:21,8,0,1
BRDA:24,9,0,1
BRF:10
BRH:7
end_of_record
TN:
SF:src\alerts\cciAlert.js
FN:3,cciAlert
FNF:1
FNH:1
FNDA:8,cciAlert
DA:1,1
DA:2,1
DA:3,1
DA:4,8
DA:5,8
DA:6,8
DA:7,8
DA:8,8
DA:9,0
DA:10,0
DA:11,8
DA:12,0
DA:13,0
DA:14,8
DA:15,8
DA:16,8
LF:16
LH:12
BRDA:3,0,0,8
BRDA:5,1,0,4
BRDA:6,2,0,0
BRDA:8,3,0,4
BRDA:8,4,0,4
BRDA:8,5,0,0
BRDA:11,6,0,4
BRDA:11,7,0,4
BRDA:11,8,0,0
BRF:9
BRH:6
end_of_record
TN:
SF:src\alerts\emaCrossoverAlert.js
FN:3,emaCrossoverAlert
FNF:1
FNH:1
FNDA:8,emaCrossoverAlert
DA:1,1
DA:2,1
DA:3,1
DA:4,8
DA:5,8
DA:6,8
DA:7,8
DA:8,8
DA:9,8
DA:10,8
DA:11,4
DA:12,0
DA:13,0
DA:14,4
DA:15,0
DA:16,0
DA:17,4
DA:18,8
DA:19,8
DA:20,8
LF:20
LH:16
BRDA:3,0,0,8
BRDA:5,1,0,4
BRDA:6,2,0,4
BRDA:7,3,0,4
BRDA:8,4,0,4
BRDA:10,5,0,4
BRDA:10,6,0,4
BRDA:10,7,0,4
BRDA:10,8,0,4
BRDA:11,9,0,0
BRDA:11,10,0,0
BRDA:14,11,0,0
BRDA:14,12,0,0
BRF:13
BRH:9
end_of_record
TN:
SF:src\alerts\heuristicAlert.js
FN:3,heuristicAlert
FNF:1
FNH:1
FNDA:8,heuristicAlert
DA:1,1
DA:2,1
DA:3,1
DA:4,8
DA:5,8
DA:6,8
DA:7,8
DA:8,8
DA:9,0
DA:10,0
DA:11,8
DA:12,0
DA:13,0
DA:14,8
DA:15,8
DA:16,8
LF:16
LH:12
BRDA:3,0,0,8
BRDA:5,1,0,4
BRDA:6,2,0,0
BRDA:8,3,0,4
BRDA:8,4,0,4
BRDA:8,5,0,0
BRDA:11,6,0,4
BRDA:11,7,0,4
BRDA:11,8,0,0
BRF:9
BRH:6
end_of_record
TN:
SF:src\alerts\highLowAlert.js
FN:3,highLowAlert
FNF:1
FNH:1
FNDA:8,highLowAlert
DA:1,1
DA:2,1
DA:3,1
DA:4,8
DA:5,8
DA:6,8
DA:7,8
DA:8,8
DA:9,8
DA:10,8
DA:11,8
DA:12,1
DA:13,1
DA:14,8
DA:15,0
DA:16,0
DA:17,8
DA:18,8
DA:19,8
LF:19
LH:17
BRDA:3,0,0,8
BRDA:8,1,0,0
BRDA:9,2,0,0
BRDA:11,3,0,1
BRDA:14,4,0,0
BRF:5
BRH:2
end_of_record
TN:
SF:src\alerts\maCrossoverAlert.js
FN:4,maCrossoverAlert
FNF:1
FNH:1
FNDA:8,maCrossoverAlert
DA:1,1
DA:2,1
DA:3,1
DA:4,1
DA:5,8
DA:6,0
DA:7,0
DA:8,8
DA:9,8
DA:10,8
DA:11,1
DA:12,1
DA:13,8
DA:14,0
DA:15,0
DA:16,8
DA:17,8
DA:18,0
DA:19,0
DA:20,8
DA:21,0
DA:22,0
DA:23,8
DA:24,8
DA:25,8
LF:25
LH:17
BRDA:4,0,0,8
BRDA:5,1,0,0
BRDA:10,2,0,1
BRDA:13,3,0,0
BRDA:17,4,0,0
BRDA:20,5,0,0
BRF:6
BRH:2
end_of_record
TN:
SF:src\alerts\maPriceAlert.js
FN:3,maPriceAlert
FNF:1
FNH:1
FNDA:8,maPriceAlert
DA:1,1
DA:2,1
DA:3,1
DA:4,8
DA:5,8
DA:6,8
DA:7,8
DA:8,8
DA:9,8
DA:10,8
DA:11,8
DA:12,8
DA:13,0
DA:14,0
DA:15,8
DA:16,0
DA:17,0
DA:18,8
DA:19,8
DA:20,8
DA:21,0
DA:22,0
DA:23,8
DA:24,0
DA:25,0
DA:26,8
DA:27,8
DA:28,8
DA:29,0
DA:30,0
DA:31,8
DA:32,0
DA:33,0
DA:34,8
DA:35,8
DA:36,8
DA:37,8
LF:37
LH:25
BRDA:3,0,0,8
BRDA:12,1,0,4
BRDA:12,2,0,0
BRDA:15,3,0,0
BRDA:15,4,0,0
BRDA:20,5,0,4
BRDA:20,6,0,0
BRDA:23,7,0,0
BRDA:23,8,0,0
BRDA:28,9,0,4
BRDA:28,10,0,0
BRDA:31,11,0,0
BRDA:31,12,0,0
BRF:13
BRH:4
end_of_record
TN:
SF:src\alerts\macdAlert.js
FN:4,macdAlert
FNF:1
FNH:1
FNDA:8,macdAlert
DA:1,1
DA:2,1
DA:3,1
DA:4,1
DA:5,8
DA:6,8
DA:7,8
DA:8,8
DA:9,8
DA:10,8
DA:11,8
DA:12,8
DA:13,7
DA:14,0
DA:15,0
DA:16,7
DA:17,0
DA:18,0
DA:19,7
DA:20,8
DA:21,8
DA:22,8
DA:23,8
DA:24,1
DA:25,1
DA:26,8
DA:27,0
DA:28,0
DA:29,8
DA:30,8
DA:31,8
DA:32,8
LF:32
LH:26
BRDA:4,0,0,8
BRDA:6,1,0,7
BRDA:7,2,0,7
BRDA:9,3,0,7
BRDA:10,4,0,7
BRDA:12,5,0,7
BRDA:12,6,0,7
BRDA:12,7,0,7
BRDA:12,8,0,7
BRDA:13,9,0,0
BRDA:13,10,0,0
BRDA:16,11,0,0
BRDA:16,12,0,0
BRDA:23,13,0,1
BRDA:26,14,0,0
BRF:15
BRH:10
end_of_record
TN:
SF:src\alerts\obvAlert.js
FN:3,obvAlert
FNF:1
FNH:1
FNDA:8,obvAlert
DA:1,1
DA:2,1
DA:3,1
DA:4,8
DA:5,8
DA:6,8
DA:7,8
DA:8,8
DA:9,8
DA:10,4
DA:11,0
DA:12,0
DA:13,4
DA:14,0
DA:15,0
DA:16,4
DA:17,8
DA:18,8
DA:19,8
LF:19
LH:15
BRDA:3,0,0,8
BRDA:5,1,0,4
BRDA:6,2,0,4
BRDA:7,3,0,0
BRDA:9,4,0,4
BRDA:9,5,0,4
BRDA:9,6,0,4
BRDA:10,7,0,0
BRDA:13,8,0,0
BRF:9
BRH:6
end_of_record
TN:
SF:src\alerts\priceInfoAlert.js
FN:3,priceInfoAlert
FNF:1
FNH:1
FNDA:8,priceInfoAlert
DA:1,1
DA:2,1
DA:3,1
DA:4,8
DA:5,0
DA:6,0
DA:7,8
DA:8,8
LF:8
LH:6
BRDA:3,0,0,8
BRDA:4,1,0,0
BRF:2
BRH:1
end_of_record
TN:
SF:src\alerts\registry.js
FNF:0
FNH:0
DA:1,1
DA:2,1
DA:3,1
DA:4,1
DA:5,1
DA:6,1
DA:7,1
DA:8,1
DA:9,1
DA:10,1
DA:11,1
DA:12,1
DA:13,1
DA:14,1
DA:15,1
DA:16,1
DA:17,1
DA:18,1
DA:19,1
DA:20,1
DA:21,1
DA:22,1
DA:23,1
DA:24,1
LF:24
LH:24
BRF:0
BRH:0
end_of_record
TN:
SF:src\alerts\roundNumberAlert.js
FN:4,roundNumberAlert
FNF:1
FNH:1
FNDA:8,roundNumberAlert
DA:1,1
DA:2,1
DA:3,1
DA:4,1
DA:5,8
DA:6,8
DA:7,8
DA:8,8
DA:9,8
DA:10,8
DA:11,8
DA:12,8
DA:13,8
DA:14,8
LF:14
LH:14
BRDA:4,0,0,8
BRF:1
BRH:1
end_of_record
TN:
SF:src\alerts\rsiAlert.js
FN:3,rsiAlert
FNF:1
FNH:1
FNDA:8,rsiAlert
DA:1,1
DA:2,1
DA:3,1
DA:4,8
DA:5,8
DA:6,8
DA:7,8
DA:8,8
DA:9,8
DA:10,8
DA:11,8
DA:12,8
DA:13,8
DA:14,2
DA:15,2
DA:16,8
DA:17,0
DA:18,0
DA:19,8
DA:20,5
DA:21,0
DA:22,0
DA:23,5
DA:24,0
DA:25,0
DA:26,5
DA:27,5
DA:28,5
DA:29,5
DA:30,0
DA:31,5
DA:32,0
DA:33,0
DA:34,5
DA:35,5
DA:36,5
DA:37,5
DA:38,0
DA:39,5
DA:40,0
DA:41,0
DA:42,5
DA:43,0
DA:44,0
DA:45,5
DA:46,0
DA:47,0
DA:48,5
DA:49,8
DA:50,8
DA:51,8
LF:51
LH:35
BRDA:3,0,0,8
BRDA:11,1,0,0
BRDA:13,2,0,2
BRDA:16,3,0,0
BRDA:19,4,0,5
BRDA:19,5,0,5
BRDA:20,6,0,0
BRDA:20,7,0,0
BRDA:23,8,0,0
BRDA:23,9,0,0
BRDA:28,10,0,0
BRDA:29,11,0,0
BRDA:31,12,0,0
BRDA:36,13,0,0
BRDA:37,14,0,0
BRDA:39,15,0,0
BRDA:42,16,0,0
BRDA:42,17,0,0
BRDA:45,18,0,0
BRDA:45,19,0,0
BRF:20
BRH:4
end_of_record
TN:
SF:src\alerts\sarAlert.js
FN:3,sarAlert
FNF:1
FNH:1
FNDA:8,sarAlert
DA:1,1
DA:2,1
DA:3,1
DA:4,8
DA:5,8
DA:6,8
DA:7,8
DA:8,8
DA:9,8
DA:10,4
DA:11,0
DA:12,0
DA:13,4
DA:14,0
DA:15,0
DA:16,4
DA:17,8
DA:18,8
DA:19,8
LF:19
LH:15
BRDA:3,0,0,8
BRDA:6,1,0,4
BRDA:7,2,0,4
BRDA:9,3,0,4
BRDA:9,4,0,4
BRDA:10,5,0,0
BRDA:13,6,0,0
BRDA:13,7,0,0
BRF:8
BRH:5
end_of_record
TN:
SF:src\alerts\shared.js
FN:21,createAlert
FNF:1
FNH:1
FNDA:33,createAlert
DA:1,1
DA:2,1
DA:3,1
DA:4,1
DA:5,1
DA:6,1
DA:7,1
DA:8,1
DA:9,1
DA:10,1
DA:11,1
DA:12,1
DA:13,1
DA:14,1
DA:15,1
DA:16,1
DA:17,1
DA:18,1
DA:19,1
DA:20,1
DA:21,1
DA:22,33
DA:23,33
LF:23
LH:23
BRDA:21,0,0,33
BRF:1
BRH:1
end_of_record
TN:
SF:src\alerts\stochasticAlert.js
FN:3,stochasticAlert
FNF:1
FNH:1
FNDA:8,stochasticAlert
DA:1,1
DA:2,1
DA:3,1
DA:4,8
DA:5,8
DA:6,8
DA:7,8
DA:8,8
DA:9,0
DA:10,0
DA:11,8
DA:12,0
DA:13,0
DA:14,8
DA:15,8
DA:16,8
LF:16
LH:12
BRDA:3,0,0,8
BRDA:5,1,0,4
BRDA:6,2,0,0
BRDA:8,3,0,4
BRDA:8,4,0,4
BRDA:8,5,0,0
BRDA:11,6,0,4
BRDA:11,7,0,4
BRDA:11,8,0,0
BRF:9
BRH:6
end_of_record
TN:
SF:src\alerts\tradeLevelsAlert.js
FN:4,tradeLevelsAlert
FNF:1
FNH:1
FNDA:8,tradeLevelsAlert
DA:1,1
DA:2,1
DA:3,1
DA:4,1
DA:5,8
DA:6,8
DA:7,8
DA:8,8
DA:9,8
DA:10,4
DA:11,4
DA:12,4
DA:13,4
DA:14,4
DA:15,4
DA:16,4
DA:17,4
DA:18,4
DA:19,8
DA:20,8
DA:21,8
LF:21
LH:21
BRDA:4,0,0,8
BRDA:7,1,0,4
BRDA:9,2,0,4
BRDA:9,3,0,4
BRDA:9,4,0,4
BRDA:9,5,0,4
BRF:6
BRH:6
end_of_record
TN:
SF:src\alerts\trendAlert.js
FN:3,trendAlert
FNF:1
FNH:1
FNDA:8,trendAlert
DA:1,1
DA:2,1
DA:3,1
DA:4,8
DA:5,8
DA:6,8
DA:7,0
DA:8,0
DA:9,8
DA:10,0
DA:11,0
DA:12,8
DA:13,8
LF:13
LH:9
BRDA:3,0,0,8
BRDA:5,1,0,4
BRDA:6,2,0,0
BRDA:9,3,0,0
BRF:4
BRH:2
end_of_record
TN:
SF:src\alerts\varAlert.js
FN:3,varAlert
FNF:1
FNH:1
FNDA:8,varAlert
DA:1,1
DA:2,1
DA:3,1
DA:4,8
DA:5,4
DA:6,4
DA:7,8
DA:8,8
DA:9,8
LF:9
LH:9
BRDA:3,0,0,8
BRDA:4,1,0,4
BRDA:7,2,0,0
BRDA:7,3,0,4
BRF:4
BRH:3
end_of_record
TN:
SF:src\alerts\volumeAlert.js
FN:3,volumeAlert
FNF:1
FNH:1
FNDA:8,volumeAlert
DA:1,1
DA:2,1
DA:3,1
DA:4,8
DA:5,8
DA:6,8
DA:7,8
DA:8,8
DA:9,8
DA:10,8
DA:11,8
DA:12,1
DA:13,1
DA:14,8
DA:15,8
DA:16,8
DA:17,8
LF:17
LH:17
BRDA:3,0,0,8
BRDA:7,1,0,0
BRDA:11,2,0,1
BRDA:10,3,0,160
BRF:4
BRH:3
end_of_record
TN:
SF:src\alerts\vwapAlert.js
FN:3,vwapAlert
FNF:1
FNH:1
FNDA:8,vwapAlert
DA:1,1
DA:2,1
DA:3,1
DA:4,8
DA:5,8
DA:6,8
DA:7,8
DA:8,8
DA:9,8
DA:10,8
DA:11,4
DA:12,0
DA:13,0
DA:14,4
DA:15,0
DA:16,0
DA:17,4
DA:18,8
DA:19,8
DA:20,8
LF:20
LH:16
BRDA:3,0,0,8
BRDA:5,1,0,4
BRDA:6,2,0,4
BRDA:10,3,0,4
BRDA:10,4,0,4
BRDA:10,5,0,4
BRDA:10,6,0,4
BRDA:11,7,0,0
BRDA:11,8,0,0
BRDA:14,9,0,0
BRDA:14,10,0,0
BRF:11
BRH:7
end_of_record
TN:
SF:src\alerts\williamsAlert.js
FN:3,williamsAlert
FNF:1
FNH:1
FNDA:8,williamsAlert
DA:1,1
DA:2,1
DA:3,1
DA:4,8
DA:5,8
DA:6,8
DA:7,8
DA:8,8
DA:9,0
DA:10,0
DA:11,8
DA:12,0
DA:13,0
DA:14,8
DA:15,8
DA:16,8
LF:16
LH:12
BRDA:3,0,0,8
BRDA:5,1,0,4
BRDA:6,2,0,0
BRDA:8,3,0,4
BRDA:8,4,0,4
BRDA:8,5,0,0
BRDA:11,6,0,4
BRDA:11,7,0,4
BRDA:11,8,0,0
BRF:9
BRH:6
end_of_record
